Arguments: 
  C:\Program Files\nodejs\node.exe C:\Users\kruth\AppData\Roaming\npm\node_modules\yarn\bin\yarn.js add @react-navigation/native

PATH: 
  C:\Program Files\Git\mingw64\bin;C:\Program Files\Git\usr\bin;C:\Users\kruth\bin;C:\Program Files\Common Files\Oracle\Java\javapath;C:\WINDOWS\system32;C:\WINDOWS;C:\WINDOWS\System32\Wbem;C:\WINDOWS\System32\WindowsPowerShell\v1.0;C:\WINDOWS\System32\OpenSSH;C:\Program Files\Git\cmd;C:\Program Files\Cloud Foundry;C:\Program Files\Java;C:\Program Files\Java\jdk-13.0.1;C:\Program Files\Java\jdk-13.0.1\bin;C:\Users\kruth\AppData\Roaming\npmC;C:\Program Files\Git\Program Files\nodejs;C:\Program Files\nodejs\node.exe;(C;C:\Program Files\Git\Users\kruth\AppData\Roaming\npm;C:\Program Files\Microsoft SQL Server\Client SDK\ODBC\170\Tools\Binn;C:\Program Files (x86)\Microsoft SQL Server\150\Tools\Binn;C:\Program Files\Microsoft SQL Server\150\Tools\Binn;C:\Program Files\Microsoft SQL Server\150\DTS\Binn;C:\Program Files\Microsoft SQL Server\130\Tools\Binn;C:\Users\kruth\Downloads\apache-maven-3.6.3-src\apache-maven-3.6.3\bin;C:\Users\kruth\Downloads\offline-trainer-master\offline-trainer-master;C:\src\flutter\bin;C:\Program Files\nodejs;C:\Users\kruth\AppData\Local\Programs\Python\Python38-32\Scripts;C:\Users\kruth\AppData\Local\Programs\Python\Python38-32;C:\Program Files\nodejs;C:\Users\kruth\AppData\Local\Programs\Microsoft VS Code\bin;C:\Program Files\heroku\bin;C:\Users\kruth\AppData\Local\Microsoft\WindowsApps;C:\Users\kruth\AppData\Roaming\npm;C:\Users\kruth\AppData\Local\GitHubDesktop\bin

Yarn version: 
  1.22.10

Node version: 
  12.21.0

Platform: 
  win32 x64

Trace: 
  Error: ENOENT: no such file or directory, open 'C:\Users\kruth\Desktop\asefsu23-urban-mobility\node_modules\recast\node_modules\.bin\esparse.cmd'

npm manifest: 
  {
    "name": "hackathon-app",
    "version": "1.0.0",
    "main": "node_modules/expo/AppEntry.js",
    "scripts": {
      "start": "expo start",
      "android": "expo start --android",
      "ios": "expo start --ios",
      "web": "expo start --web",
      "eject": "expo eject"
    },
    "dependencies": {
      "@react-navigation/native": "^6.0.6",
      "@react-navigation/native-stack": "^6.2.5",
      "@react-navigation/stack": "^6.0.11",
      "@reduxjs/toolkit": "^1.6.2",
      "expo": "~43.0.0",
      "expo-status-bar": "~1.1.0",
      "react": "17.0.1",
      "react-dom": "17.0.1",
      "react-native": "^0.66.2",
      "react-native-dotenv": "^3.3.0",
      "react-native-elements": "^3.4.2",
      "react-native-gesture-handler": "^1.10.3",
      "react-native-google-places-autocomplete": "^2.4.1",
      "react-native-maps": "^0.29.3",
      "react-native-maps-directions": "^1.8.0",
      "react-native-safe-area-context": "3.3.2",
      "react-native-screens": "~3.8.0",
      "react-native-vector-icons": "^9.0.0",
      "react-native-web": "0.17.1",
      "react-redux": "^7.2.6",
      "tailwind-react-native-classnames": "^1.5.1"
    },
    "devDependencies": {
      "@babel/core": "^7.12.9"
    },
    "private": true
  }

yarn manifest: 
  No manifest

Lockfile: 
  No lockfile
